<?xml version="1.0" encoding="UTF-8"?>
<testng-results ignored="0" total="4" passed="4" failed="0" skipped="0">
  <reporter-output>
  </reporter-output>
  <suite started-at="2020-11-22T23:09:03 EST" name="Default suite" finished-at="2020-11-22T23:09:05 EST" duration-ms="2073">
    <groups>
    </groups>
    <test started-at="2020-11-22T23:09:03 EST" name="Default test" finished-at="2020-11-22T23:09:05 EST" duration-ms="2073">
      <class name="com.hw4.Hw4.EmployeeRestTest">
        <test-method signature="getEmployees()[pri:1, instance:com.hw4.Hw4.EmployeeRestTest@236e3f4e]" started-at="2020-11-22T23:09:03 EST" name="getEmployees" finished-at="2020-11-22T23:09:04 EST" duration-ms="1291" status="PASS">
          <reporter-output>
          </reporter-output>
        </test-method> <!-- getEmployees -->
        <test-method signature="createEmployee()[pri:2, instance:com.hw4.Hw4.EmployeeRestTest@236e3f4e]" started-at="2020-11-22T23:09:04 EST" name="createEmployee" finished-at="2020-11-22T23:09:05 EST" duration-ms="504" status="PASS">
          <reporter-output>
          </reporter-output>
        </test-method> <!-- createEmployee -->
        <test-method signature="updateEmployee()[pri:3, instance:com.hw4.Hw4.EmployeeRestTest@236e3f4e]" started-at="2020-11-22T23:09:05 EST" name="updateEmployee" finished-at="2020-11-22T23:09:05 EST" duration-ms="126" status="PASS">
          <reporter-output>
          </reporter-output>
        </test-method> <!-- updateEmployee -->
        <test-method signature="deleteEmployee()[pri:4, instance:com.hw4.Hw4.EmployeeRestTest@236e3f4e]" started-at="2020-11-22T23:09:05 EST" name="deleteEmployee" finished-at="2020-11-22T23:09:05 EST" duration-ms="120" status="PASS">
          <reporter-output>
          </reporter-output>
        </test-method> <!-- deleteEmployee -->
      </class> <!-- com.hw4.Hw4.EmployeeRestTest -->
    </test> <!-- Default test -->
  </suite> <!-- Default suite -->
</testng-results>
