<?xml version="1.0" encoding="UTF-8"?>
<!-- Generated by org.testng.reporters.JUnitXMLReporter -->
<testsuite ignored="0" hostname="DESKTOP-5LRKES7" failures="0" tests="4" name="Default test" time="2.073" errors="0" timestamp="2020-11-22T23:09:05 EST">
  <testcase classname="com.hw4.Hw4.EmployeeRestTest" name="getEmployees" time="1.291"/>
  <testcase classname="com.hw4.Hw4.EmployeeRestTest" name="createEmployee" time="0.504"/>
  <testcase classname="com.hw4.Hw4.EmployeeRestTest" name="updateEmployee" time="0.126"/>
  <testcase classname="com.hw4.Hw4.EmployeeRestTest" name="deleteEmployee" time="0.12"/>
</testsuite> <!-- Default test -->
